<?xml version="1.0" encoding="UTF-8"?>
<testsuite name="TestPage" tests="1" skipped="0" failures="0" errors="0" timestamp="2019-08-22T08:01:25" hostname="Eliza" time="6.282">
  <properties/>
  <testcase name="name" classname="TestPage" time="6.282"/>
  <system-out><![CDATA[file.encoding=windows-1251
Charset.defaultCharset=windows-1251
]]></system-out>
  <system-err><![CDATA[Starting ChromeDriver 76.0.3809.68 (420c9498db8ce8fcd190a954d51297672c1515d5-refs/branch-heads/3809@{#864}) on port 41026
Only local connections are allowed.
Please protect ports used by ChromeDriver and related test frameworks to prevent access by malicious code.
авг. 22, 2019 1:01:28 PM org.openqa.selenium.remote.ProtocolHandshake createSession
INFO: Detected dialect: W3C
]]></system-err>
</testsuite>
